2024-02-01T22:13:38.596+05:30  INFO 25140 --- [main] e.d.SpringrestentityPractice1Application : Starting SpringrestentityPractice1Application using Java 17.0.9 with PID 25140 (S:\springHomeWorks\springrestentity_practice-1\target\classes started by Lenovo1 in S:\springHomeWorks\springrestentity_practice-1)
2024-02-01T22:13:38.598+05:30  INFO 25140 --- [main] e.d.SpringrestentityPractice1Application : No active profile set, falling back to 1 default profile: "default"
2024-02-01T22:13:39.220+05:30  INFO 25140 --- [main] .s.d.r.c.RepositoryConfigurationDelegate : Bootstrapping Spring Data JPA repositories in DEFAULT mode.
2024-02-01T22:13:39.275+05:30  INFO 25140 --- [main] .s.d.r.c.RepositoryConfigurationDelegate : Finished Spring Data repository scanning in 42 ms. Found 1 JPA repository interface.
2024-02-01T22:13:39.653+05:30  INFO 25140 --- [main] o.s.b.w.embedded.tomcat.TomcatWebServer  : Tomcat initialized with port 8080 (http)
2024-02-01T22:13:39.661+05:30  INFO 25140 --- [main] o.apache.catalina.core.StandardService   : Starting service [Tomcat]
2024-02-01T22:13:39.662+05:30  INFO 25140 --- [main] o.apache.catalina.core.StandardEngine    : Starting Servlet engine: [Apache Tomcat/10.1.18]
2024-02-01T22:13:39.725+05:30  INFO 25140 --- [main] o.a.c.c.C.[Tomcat].[localhost].[/]       : Initializing Spring embedded WebApplicationContext
2024-02-01T22:13:39.725+05:30  INFO 25140 --- [main] w.s.c.ServletWebServerApplicationContext : Root WebApplicationContext: initialization completed in 1095 ms
2024-02-01T22:13:39.844+05:30  INFO 25140 --- [main] o.hibernate.jpa.internal.util.LogHelper  : HHH000204: Processing PersistenceUnitInfo [name: default]
2024-02-01T22:13:39.884+05:30  INFO 25140 --- [main] org.hibernate.Version                    : HHH000412: Hibernate ORM core version 6.4.1.Final
2024-02-01T22:13:39.909+05:30  INFO 25140 --- [main] o.h.c.internal.RegionFactoryInitiator    : HHH000026: Second-level cache disabled
2024-02-01T22:13:40.065+05:30  INFO 25140 --- [main] o.s.o.j.p.SpringPersistenceUnitInfo      : No LoadTimeWeaver setup: ignoring JPA class transformer
2024-02-01T22:13:40.089+05:30  INFO 25140 --- [main] com.zaxxer.hikari.HikariDataSource       : HikariPool-1 - Starting...
2024-02-01T22:13:40.351+05:30  INFO 25140 --- [main] com.zaxxer.hikari.pool.HikariPool        : HikariPool-1 - Added connection com.mysql.cj.jdbc.ConnectionImpl@49e62b17
2024-02-01T22:13:40.354+05:30  INFO 25140 --- [main] com.zaxxer.hikari.HikariDataSource       : HikariPool-1 - Start completed.
2024-02-01T22:13:40.395+05:30  WARN 25140 --- [main] org.hibernate.orm.deprecation            : HHH90000025: MySQL8Dialect does not need to be specified explicitly using 'hibernate.dialect' (remove the property setting and it will be selected by default)
2024-02-01T22:13:40.397+05:30  WARN 25140 --- [main] org.hibernate.orm.deprecation            : HHH90000026: MySQL8Dialect has been deprecated; use org.hibernate.dialect.MySQLDialect instead
2024-02-01T22:13:41.031+05:30  INFO 25140 --- [main] o.h.e.t.j.p.i.JtaPlatformInitiator       : HHH000489: No JTA platform available (set 'hibernate.transaction.jta.platform' to enable JTA platform integration)
2024-02-01T22:13:41.073+05:30  INFO 25140 --- [main] j.LocalContainerEntityManagerFactoryBean : Initialized JPA EntityManagerFactory for persistence unit 'default'
2024-02-01T22:13:41.255+05:30  INFO 25140 --- [main] o.s.d.j.r.query.QueryEnhancerFactory     : Hibernate is in classpath; If applicable, HQL parser will be used.
2024-02-01T22:13:41.384+05:30  WARN 25140 --- [main] JpaBaseConfiguration$JpaWebConfiguration : spring.jpa.open-in-view is enabled by default. Therefore, database queries may be performed during view rendering. Explicitly configure spring.jpa.open-in-view to disable this warning
2024-02-01T22:13:41.976+05:30  INFO 25140 --- [main] o.s.b.w.embedded.tomcat.TomcatWebServer  : Tomcat started on port 8080 (http) with context path ''
2024-02-01T22:13:41.984+05:30  INFO 25140 --- [main] e.d.SpringrestentityPractice1Application : Started SpringrestentityPractice1Application in 3.716 seconds (process running for 4.342)
2024-02-01T22:13:54.792+05:30  INFO 25140 --- [http-nio-8080-exec-1] o.a.c.c.C.[Tomcat].[localhost].[/]       : Initializing Spring DispatcherServlet 'dispatcherServlet'
2024-02-01T22:13:54.792+05:30  INFO 25140 --- [http-nio-8080-exec-1] o.s.web.servlet.DispatcherServlet        : Initializing Servlet 'dispatcherServlet'
2024-02-01T22:13:54.792+05:30  INFO 25140 --- [http-nio-8080-exec-1] o.s.web.servlet.DispatcherServlet        : Completed initialization in 0 ms
2024-02-01T22:14:13.220+05:30  INFO 25140 --- [RMI TCP Connection(4)-127.0.0.1] inMXBeanRegistrar$SpringApplicationAdmin : Application shutdown requested.
2024-02-01T22:14:13.234+05:30  INFO 25140 --- [RMI TCP Connection(4)-127.0.0.1] j.LocalContainerEntityManagerFactoryBean : Closing JPA EntityManagerFactory for persistence unit 'default'
2024-02-01T22:14:13.236+05:30  INFO 25140 --- [RMI TCP Connection(4)-127.0.0.1] com.zaxxer.hikari.HikariDataSource       : HikariPool-1 - Shutdown initiated...
2024-02-01T22:14:13.244+05:30  INFO 25140 --- [RMI TCP Connection(4)-127.0.0.1] com.zaxxer.hikari.HikariDataSource       : HikariPool-1 - Shutdown completed.
